<?xml version="1.0" encoding="UTF-8"?>
<!-- Generated by org.testng.reporters.JUnitXMLReporter -->
<testsuite hostname="FUBEUSBNU2" ignored="0" name="Default test" tests="1" failures="0" timestamp="07 Feb 2019 12:53:05 GMT" time="0.322" errors="0">
  <testcase name="@BeforeSuite setUp" time="0.0" classname="scripts.BaseClass">
    <failure type="org.testng.TestNGException" message="
Parameter &amp;apos;baseUrl&amp;apos; is required by BeforeSuite on method setUp but has not been marked @Optional or defined
in C:\Users\Sunny\AppData\Local\Temp\testng-eclipse--1244423463\testng-customsuite.xml">
      <![CDATA[org.testng.TestNGException: 
Parameter 'baseUrl' is required by BeforeSuite on method setUp but has not been marked @Optional or defined
in C:\Users\Sunny\AppData\Local\Temp\testng-eclipse--1244423463\testng-customsuite.xml
at org.testng.internal.Parameters.createParams(Parameters.java:290)
at org.testng.internal.Parameters.createParametersForMethod(Parameters.java:359)
at org.testng.internal.Parameters.createParameters(Parameters.java:620)
at org.testng.internal.Parameters.createConfigurationParameters(Parameters.java:190)
at org.testng.internal.Invoker.invokeConfigurations(Invoker.java:209)
at org.testng.internal.Invoker.invokeConfigurations(Invoker.java:142)
at org.testng.SuiteRunner.privateRun(SuiteRunner.java:401)
at org.testng.SuiteRunner.run(SuiteRunner.java:364)
at org.testng.SuiteRunnerWorker.runSuite(SuiteRunnerWorker.java:52)
at org.testng.SuiteRunnerWorker.run(SuiteRunnerWorker.java:84)
at org.testng.TestNG.runSuitesSequentially(TestNG.java:1208)
at org.testng.TestNG.runSuitesLocally(TestNG.java:1137)
at org.testng.TestNG.runSuites(TestNG.java:1049)
at org.testng.TestNG.run(TestNG.java:1017)
at org.testng.remote.AbstractRemoteTestNG.run(AbstractRemoteTestNG.java:114)
at org.testng.remote.RemoteTestNG.initAndRun(RemoteTestNG.java:251)
at org.testng.remote.RemoteTestNG.main(RemoteTestNG.java:77)
]]>
    </failure>
  </testcase> <!-- @BeforeSuite setUp -->
  <testcase name="@BeforeClass login" time="0.0" classname="scripts.BaseClass">
    <skipped/>
  </testcase> <!-- @BeforeClass login -->
  <testcase name="@AfterClass logout" time="0.0" classname="scripts.BaseClass">
    <skipped/>
  </testcase> <!-- @AfterClass logout -->
  <testcase name="createOffers" time="0.0" classname="scripts.CreateOffers">
    <skipped/>
  </testcase> <!-- createOffers -->
</testsuite> <!-- Default test -->
