<?xml version="1.0" encoding="UTF-8"?>
<testng-results skipped="0" failed="0" ignored="1" total="2" passed="1">
  <reporter-output>
  </reporter-output>
  <suite name="Iseek WebApp Automation Suite" duration-ms="40216" started-at="2019-02-07T13:01:01Z" finished-at="2019-02-07T13:01:41Z">
    <groups>
    </groups>
    <test name="Iseek Test" duration-ms="40216" started-at="2019-02-07T13:01:01Z" finished-at="2019-02-07T13:01:41Z">
      <class name="scripts.CreateOffers">
        <test-method status="PASS" signature="login(java.lang.String, java.lang.String)[pri:0, instance:scripts.CreateOffers@66d1af89]" name="login" is-config="true" duration-ms="26036" started-at="2019-02-07T13:01:01Z" finished-at="2019-02-07T13:01:27Z">
          <params>
            <param index="0">
              <value>
                <![CDATA[9511854553]]>
              </value>
            </param>
            <param index="1">
              <value>
                <![CDATA[4722]]>
              </value>
            </param>
          </params>
          <reporter-output>
          </reporter-output>
        </test-method> <!-- login -->
        <test-method status="PASS" signature="createOffers(java.lang.String, java.lang.String, java.lang.String, java.lang.String, java.lang.String, java.lang.String)[pri:0, instance:scripts.CreateOffers@66d1af89]" name="createOffers" duration-ms="12104" started-at="2019-02-07T13:01:29Z" data-provider="getCreateOffersData" finished-at="2019-02-07T13:01:41Z">
          <params>
            <param index="0">
              <value>
                <![CDATA[Iseek]]>
              </value>
            </param>
            <param index="1">
              <value>
                <![CDATA[Testing2]]>
              </value>
            </param>
            <param index="2">
              <value>
                <![CDATA[2/22/2019]]>
              </value>
            </param>
            <param index="3">
              <value>
                <![CDATA[20]]>
              </value>
            </param>
            <param index="4">
              <value>
                <![CDATA[2000]]>
              </value>
            </param>
            <param index="5">
              <value>
                <![CDATA[Default Testing]]>
              </value>
            </param>
          </params>
          <reporter-output>
          </reporter-output>
        </test-method> <!-- createOffers -->
        <test-method status="FAIL" signature="logout()[pri:0, instance:scripts.CreateOffers@66d1af89]" name="logout" is-config="true" duration-ms="5" started-at="2019-02-07T13:01:41Z" finished-at="2019-02-07T13:01:41Z">
          <exception class="java.lang.NullPointerException">
            <full-stacktrace>
              <![CDATA[java.lang.NullPointerException
at scripts.BaseClass.logout(BaseClass.java:57)
at sun.reflect.NativeMethodAccessorImpl.invoke0(Native Method)
at sun.reflect.NativeMethodAccessorImpl.invoke(NativeMethodAccessorImpl.java:62)
at sun.reflect.DelegatingMethodAccessorImpl.invoke(DelegatingMethodAccessorImpl.java:43)
at java.lang.reflect.Method.invoke(Method.java:498)
at org.testng.internal.MethodInvocationHelper.invokeMethod(MethodInvocationHelper.java:124)
at org.testng.internal.MethodInvocationHelper.invokeMethodConsideringTimeout(MethodInvocationHelper.java:59)
at org.testng.internal.Invoker.invokeConfigurationMethod(Invoker.java:455)
at org.testng.internal.Invoker.invokeConfigurations(Invoker.java:222)
at org.testng.internal.Invoker.invokeConfigurations(Invoker.java:142)
at org.testng.internal.TestMethodWorker.invokeAfterClassMethods(TestMethodWorker.java:214)
at org.testng.internal.TestMethodWorker.run(TestMethodWorker.java:111)
at org.testng.TestRunner.privateRun(TestRunner.java:648)
at org.testng.TestRunner.run(TestRunner.java:505)
at org.testng.SuiteRunner.runTest(SuiteRunner.java:455)
at org.testng.SuiteRunner.access$000(SuiteRunner.java:40)
at org.testng.SuiteRunner$SuiteWorker.run(SuiteRunner.java:489)
at org.testng.internal.thread.ThreadUtil$1.call(ThreadUtil.java:52)
at java.util.concurrent.FutureTask.run(FutureTask.java:266)
at java.util.concurrent.ThreadPoolExecutor.runWorker(ThreadPoolExecutor.java:1149)
at java.util.concurrent.ThreadPoolExecutor$Worker.run(ThreadPoolExecutor.java:624)
at java.lang.Thread.run(Thread.java:748)
]]>
            </full-stacktrace>
          </exception> <!-- java.lang.NullPointerException -->
          <reporter-output>
          </reporter-output>
        </test-method> <!-- logout -->
      </class> <!-- scripts.CreateOffers -->
      <class name="scripts.BaseClass">
        <test-method status="PASS" signature="setUp(java.lang.String)[pri:0, instance:scripts.BaseClass@4a87761d]" name="setUp" is-config="true" duration-ms="18290" started-at="2019-02-07T13:00:42Z" finished-at="2019-02-07T13:01:01Z">
          <params>
            <param index="0">
              <value>
                <![CDATA[http://122.166.186.167:8080/Merchant_APP1/#/login]]>
              </value>
            </param>
          </params>
          <reporter-output>
          </reporter-output>
        </test-method> <!-- setUp -->
      </class> <!-- scripts.BaseClass -->
    </test> <!-- Iseek Test -->
  </suite> <!-- Iseek WebApp Automation Suite -->
</testng-results>
